2025-03-25 21:14:23 0 [Note] Starting MariaDB 10.4.32-MariaDB source revision c4143f909528e3fab0677a28631d10389354c491 as process 18756
2025-03-25 21:14:23 0 [Note] InnoDB: Mutexes and rw_locks use Windows interlocked functions
2025-03-25 21:14:23 0 [Note] InnoDB: Uses event mutexes
2025-03-25 21:14:23 0 [Note] InnoDB: Compressed tables use zlib 1.3
2025-03-25 21:14:23 0 [Note] InnoDB: Number of pools: 1
2025-03-25 21:14:23 0 [Note] InnoDB: Using SSE2 crc32 instructions
2025-03-25 21:14:23 0 [Note] InnoDB: Initializing buffer pool, total size = 16M, instances = 1, chunk size = 16M
2025-03-25 21:14:23 0 [Note] InnoDB: Completed initialization of buffer pool
2025-03-25 21:14:23 0 [Note] InnoDB: Starting crash recovery from checkpoint LSN=300288
2025-03-25 21:14:23 0 [Note] InnoDB: 128 out of 128 rollback segments are active.
2025-03-25 21:14:23 0 [Note] InnoDB: Removed temporary tablespace data file: "ibtmp1"
2025-03-25 21:14:23 0 [Note] InnoDB: Creating shared tablespace for temporary tables
2025-03-25 21:14:23 0 [Note] InnoDB: Setting file 'C:\Users\ishim\OneDrive\Desktop\XAMPP\mysql\data\ibtmp1' size to 12 MB. Physically writing the file full; Please wait ...
2025-03-25 21:14:23 0 [Note] InnoDB: File 'C:\Users\ishim\OneDrive\Desktop\XAMPP\mysql\data\ibtmp1' size is now 12 MB.
2025-03-25 21:14:23 0 [Note] InnoDB: Waiting for purge to start
2025-03-25 21:14:24 0 [Note] InnoDB: 10.4.32 started; log sequence number 300297; transaction id 170
2025-03-25 21:14:24 0 [Note] InnoDB: Loading buffer pool(s) from C:\Users\ishim\OneDrive\Desktop\XAMPP\mysql\data\ib_buffer_pool
2025-03-25 21:14:24 0 [Note] Plugin 'FEEDBACK' is disabled.
2025-03-25 21:14:24 0 [Note] InnoDB: Buffer pool(s) load completed at 250325 21:14:24
2025-03-25 21:14:24 0 [Note] Server socket created on IP: '::'.
2025-03-25 21:14:24 0 [ERROR] Can't start server: Bind on TCP/IP port. Got error: 10048: Only one usage of each socket address (protocol/network address/port) is normally permitted.

2025-03-25 21:14:24 0 [ERROR] Do you already have another mysqld server running on port: 3306 ?
2025-03-25 21:14:24 0 [ERROR] Aborting
2025-03-25 21:15:01 0 [Note] Starting MariaDB 10.4.32-MariaDB source revision c4143f909528e3fab0677a28631d10389354c491 as process 15564
2025-03-25 21:15:01 0 [Note] InnoDB: Mutexes and rw_locks use Windows interlocked functions
2025-03-25 21:15:01 0 [Note] InnoDB: Uses event mutexes
2025-03-25 21:15:01 0 [Note] InnoDB: Compressed tables use zlib 1.3
2025-03-25 21:15:01 0 [Note] InnoDB: Number of pools: 1
2025-03-25 21:15:01 0 [Note] InnoDB: Using SSE2 crc32 instructions
2025-03-25 21:15:01 0 [Note] InnoDB: Initializing buffer pool, total size = 16M, instances = 1, chunk size = 16M
2025-03-25 21:15:01 0 [Note] InnoDB: Completed initialization of buffer pool
2025-03-25 21:15:01 0 [Note] InnoDB: 128 out of 128 rollback segments are active.
2025-03-25 21:15:01 0 [Note] InnoDB: Creating shared tablespace for temporary tables
2025-03-25 21:15:01 0 [Note] InnoDB: Setting file 'C:\Users\ishim\OneDrive\Desktop\XAMPP\mysql\data\ibtmp1' size to 12 MB. Physically writing the file full; Please wait ...
2025-03-25 21:15:01 0 [Note] InnoDB: File 'C:\Users\ishim\OneDrive\Desktop\XAMPP\mysql\data\ibtmp1' size is now 12 MB.
2025-03-25 21:15:01 0 [Note] InnoDB: Waiting for purge to start
2025-03-25 21:15:01 0 [Note] InnoDB: 10.4.32 started; log sequence number 300306; transaction id 170
2025-03-25 21:15:01 0 [Note] InnoDB: Loading buffer pool(s) from C:\Users\ishim\OneDrive\Desktop\XAMPP\mysql\data\ib_buffer_pool
2025-03-25 21:15:01 0 [Note] Plugin 'FEEDBACK' is disabled.
2025-03-25 21:15:01 0 [Note] InnoDB: Buffer pool(s) load completed at 250325 21:15:01
2025-03-25 21:15:01 0 [Note] Server socket created on IP: '::'.
2025-03-25 21:15:01 0 [ERROR] Can't start server: Bind on TCP/IP port. Got error: 10048: Only one usage of each socket address (protocol/network address/port) is normally permitted.

2025-03-25 21:15:01 0 [ERROR] Do you already have another mysqld server running on port: 3306 ?
2025-03-25 21:15:01 0 [ERROR] Aborting
2025-03-25 21:20:27 0 [Note] Starting MariaDB 10.4.32-MariaDB source revision c4143f909528e3fab0677a28631d10389354c491 as process 24368
2025-03-25 21:20:27 0 [Note] InnoDB: Mutexes and rw_locks use Windows interlocked functions
2025-03-25 21:20:27 0 [Note] InnoDB: Uses event mutexes
2025-03-25 21:20:27 0 [Note] InnoDB: Compressed tables use zlib 1.3
2025-03-25 21:20:27 0 [Note] InnoDB: Number of pools: 1
2025-03-25 21:20:27 0 [Note] InnoDB: Using SSE2 crc32 instructions
2025-03-25 21:20:27 0 [Note] InnoDB: Initializing buffer pool, total size = 16M, instances = 1, chunk size = 16M
2025-03-25 21:20:27 0 [Note] InnoDB: Completed initialization of buffer pool
2025-03-25 21:20:27 0 [Note] InnoDB: 128 out of 128 rollback segments are active.
2025-03-25 21:20:27 0 [Note] InnoDB: Creating shared tablespace for temporary tables
2025-03-25 21:20:27 0 [Note] InnoDB: Setting file 'C:\Users\ishim\OneDrive\Desktop\XAMPP\mysql\data\ibtmp1' size to 12 MB. Physically writing the file full; Please wait ...
2025-03-25 21:20:27 0 [Note] InnoDB: File 'C:\Users\ishim\OneDrive\Desktop\XAMPP\mysql\data\ibtmp1' size is now 12 MB.
2025-03-25 21:20:27 0 [Note] InnoDB: Waiting for purge to start
2025-03-25 21:20:27 0 [Note] InnoDB: 10.4.32 started; log sequence number 300315; transaction id 170
2025-03-25 21:20:27 0 [Note] InnoDB: Loading buffer pool(s) from C:\Users\ishim\OneDrive\Desktop\XAMPP\mysql\data\ib_buffer_pool
2025-03-25 21:20:27 0 [Note] Plugin 'FEEDBACK' is disabled.
2025-03-25 21:20:27 0 [Note] InnoDB: Buffer pool(s) load completed at 250325 21:20:27
2025-03-25 21:20:27 0 [Note] Server socket created on IP: '::'.
2025-03-26 10:19:33 0 [Note] Starting MariaDB 10.4.32-MariaDB source revision c4143f909528e3fab0677a28631d10389354c491 as process 22480
2025-03-26 10:19:33 0 [Note] InnoDB: Mutexes and rw_locks use Windows interlocked functions
2025-03-26 10:19:33 0 [Note] InnoDB: Uses event mutexes
2025-03-26 10:19:33 0 [Note] InnoDB: Compressed tables use zlib 1.3
2025-03-26 10:19:33 0 [Note] InnoDB: Number of pools: 1
2025-03-26 10:19:33 0 [Note] InnoDB: Using SSE2 crc32 instructions
2025-03-26 10:19:33 0 [Note] InnoDB: Initializing buffer pool, total size = 16M, instances = 1, chunk size = 16M
2025-03-26 10:19:33 0 [Note] InnoDB: Completed initialization of buffer pool
2025-03-26 10:19:33 0 [Note] InnoDB: Starting crash recovery from checkpoint LSN=300315
2025-03-26 10:19:34 0 [Note] InnoDB: 128 out of 128 rollback segments are active.
2025-03-26 10:19:34 0 [Note] InnoDB: Removed temporary tablespace data file: "ibtmp1"
2025-03-26 10:19:34 0 [Note] InnoDB: Creating shared tablespace for temporary tables
2025-03-26 10:19:34 0 [Note] InnoDB: Setting file 'C:\Users\ishim\OneDrive\Desktop\XAMPP\mysql\data\ibtmp1' size to 12 MB. Physically writing the file full; Please wait ...
2025-03-26 10:19:34 0 [Note] InnoDB: File 'C:\Users\ishim\OneDrive\Desktop\XAMPP\mysql\data\ibtmp1' size is now 12 MB.
2025-03-26 10:19:34 0 [Note] InnoDB: Waiting for purge to start
2025-03-26 10:19:34 0 [Note] InnoDB: 10.4.32 started; log sequence number 300324; transaction id 170
2025-03-26 10:19:34 0 [Note] InnoDB: Loading buffer pool(s) from C:\Users\ishim\OneDrive\Desktop\XAMPP\mysql\data\ib_buffer_pool
2025-03-26 10:19:34 0 [Note] Plugin 'FEEDBACK' is disabled.
2025-03-26 10:19:34 0 [Note] InnoDB: Buffer pool(s) load completed at 250326 10:19:34
2025-03-26 10:19:34 0 [Note] Server socket created on IP: '::'.
2025-03-26 10:40:58 0 [Note] Starting MariaDB 10.4.32-MariaDB source revision c4143f909528e3fab0677a28631d10389354c491 as process 4260
2025-03-26 10:40:58 0 [Note] InnoDB: Mutexes and rw_locks use Windows interlocked functions
2025-03-26 10:40:58 0 [Note] InnoDB: Uses event mutexes
2025-03-26 10:40:58 0 [Note] InnoDB: Compressed tables use zlib 1.3
2025-03-26 10:40:58 0 [Note] InnoDB: Number of pools: 1
2025-03-26 10:40:58 0 [Note] InnoDB: Using SSE2 crc32 instructions
2025-03-26 10:40:58 0 [Note] InnoDB: Initializing buffer pool, total size = 16M, instances = 1, chunk size = 16M
2025-03-26 10:40:58 0 [Note] InnoDB: Completed initialization of buffer pool
2025-03-26 10:40:58 0 [Note] InnoDB: Starting crash recovery from checkpoint LSN=307373
2025-03-26 10:40:59 0 [Note] InnoDB: 128 out of 128 rollback segments are active.
2025-03-26 10:40:59 0 [Note] InnoDB: Removed temporary tablespace data file: "ibtmp1"
2025-03-26 10:40:59 0 [Note] InnoDB: Creating shared tablespace for temporary tables
2025-03-26 10:40:59 0 [Note] InnoDB: Setting file 'C:\Users\ishim\OneDrive\Desktop\XAMPP\mysql\data\ibtmp1' size to 12 MB. Physically writing the file full; Please wait ...
2025-03-26 10:40:59 0 [Note] InnoDB: File 'C:\Users\ishim\OneDrive\Desktop\XAMPP\mysql\data\ibtmp1' size is now 12 MB.
2025-03-26 10:40:59 0 [Note] InnoDB: Waiting for purge to start
2025-03-26 10:40:59 0 [Note] InnoDB: 10.4.32 started; log sequence number 307382; transaction id 201
2025-03-26 10:40:59 0 [Note] InnoDB: Loading buffer pool(s) from C:\Users\ishim\OneDrive\Desktop\XAMPP\mysql\data\ib_buffer_pool
2025-03-26 10:40:59 0 [Note] Plugin 'FEEDBACK' is disabled.
2025-03-26 10:40:59 0 [Note] Server socket created on IP: '::'.
2025-03-26 10:40:59 0 [Note] InnoDB: Buffer pool(s) load completed at 250326 10:40:59
2025-04-04 20:33:58 0 [Note] Starting MariaDB 10.4.32-MariaDB source revision c4143f909528e3fab0677a28631d10389354c491 as process 27716
2025-04-04 20:33:58 0 [Note] InnoDB: Mutexes and rw_locks use Windows interlocked functions
2025-04-04 20:33:58 0 [Note] InnoDB: Uses event mutexes
2025-04-04 20:33:58 0 [Note] InnoDB: Compressed tables use zlib 1.3
2025-04-04 20:33:58 0 [Note] InnoDB: Number of pools: 1
2025-04-04 20:33:58 0 [Note] InnoDB: Using SSE2 crc32 instructions
2025-04-04 20:33:58 0 [Note] InnoDB: Initializing buffer pool, total size = 16M, instances = 1, chunk size = 16M
2025-04-04 20:33:58 0 [Note] InnoDB: Completed initialization of buffer pool
2025-04-04 20:33:58 0 [Note] InnoDB: Starting crash recovery from checkpoint LSN=307391
2025-04-04 20:33:59 0 [Note] InnoDB: 128 out of 128 rollback segments are active.
2025-04-04 20:33:59 0 [Note] InnoDB: Removed temporary tablespace data file: "ibtmp1"
2025-04-04 20:33:59 0 [Note] InnoDB: Creating shared tablespace for temporary tables
2025-04-04 20:33:59 0 [Note] InnoDB: Setting file 'C:\Users\ishim\OneDrive\Desktop\XAMPP\mysql\data\ibtmp1' size to 12 MB. Physically writing the file full; Please wait ...
2025-04-04 20:33:59 0 [Note] InnoDB: File 'C:\Users\ishim\OneDrive\Desktop\XAMPP\mysql\data\ibtmp1' size is now 12 MB.
2025-04-04 20:33:59 0 [Note] InnoDB: Waiting for purge to start
2025-04-04 20:33:59 0 [Note] InnoDB: 10.4.32 started; log sequence number 307400; transaction id 201
2025-04-04 20:33:59 0 [Note] InnoDB: Loading buffer pool(s) from C:\Users\ishim\OneDrive\Desktop\XAMPP\mysql\data\ib_buffer_pool
2025-04-04 20:33:59 0 [Note] Plugin 'FEEDBACK' is disabled.
2025-04-04 20:33:59 0 [Note] InnoDB: Buffer pool(s) load completed at 250404 20:33:59
2025-04-04 20:33:59 0 [Note] Server socket created on IP: '::'.
2025-04-04 20:33:59 0 [ERROR] Can't start server: Bind on TCP/IP port. Got error: 10048: Only one usage of each socket address (protocol/network address/port) is normally permitted.

2025-04-04 20:33:59 0 [ERROR] Do you already have another mysqld server running on port: 3306 ?
2025-04-04 20:33:59 0 [ERROR] Aborting
2025-04-04 20:34:09 0 [Note] Starting MariaDB 10.4.32-MariaDB source revision c4143f909528e3fab0677a28631d10389354c491 as process 9292
2025-04-04 20:34:09 0 [Note] InnoDB: Mutexes and rw_locks use Windows interlocked functions
2025-04-04 20:34:09 0 [Note] InnoDB: Uses event mutexes
2025-04-04 20:34:09 0 [Note] InnoDB: Compressed tables use zlib 1.3
2025-04-04 20:34:09 0 [Note] InnoDB: Number of pools: 1
2025-04-04 20:34:09 0 [Note] InnoDB: Using SSE2 crc32 instructions
2025-04-04 20:34:09 0 [Note] InnoDB: Initializing buffer pool, total size = 16M, instances = 1, chunk size = 16M
2025-04-04 20:34:09 0 [Note] InnoDB: Completed initialization of buffer pool
2025-04-04 20:34:10 0 [Note] InnoDB: 128 out of 128 rollback segments are active.
2025-04-04 20:34:10 0 [Note] InnoDB: Creating shared tablespace for temporary tables
2025-04-04 20:34:10 0 [Note] InnoDB: Setting file 'C:\Users\ishim\OneDrive\Desktop\XAMPP\mysql\data\ibtmp1' size to 12 MB. Physically writing the file full; Please wait ...
2025-04-04 20:34:10 0 [Note] InnoDB: File 'C:\Users\ishim\OneDrive\Desktop\XAMPP\mysql\data\ibtmp1' size is now 12 MB.
2025-04-04 20:34:10 0 [Note] InnoDB: Waiting for purge to start
2025-04-04 20:34:10 0 [Note] InnoDB: 10.4.32 started; log sequence number 307409; transaction id 201
2025-04-04 20:34:10 0 [Note] InnoDB: Loading buffer pool(s) from C:\Users\ishim\OneDrive\Desktop\XAMPP\mysql\data\ib_buffer_pool
2025-04-04 20:34:10 0 [Note] Plugin 'FEEDBACK' is disabled.
2025-04-04 20:34:10 0 [Note] InnoDB: Buffer pool(s) load completed at 250404 20:34:10
2025-04-04 20:34:10 0 [Note] Server socket created on IP: '::'.
2025-04-04 20:34:10 0 [ERROR] Can't start server: Bind on TCP/IP port. Got error: 10048: Only one usage of each socket address (protocol/network address/port) is normally permitted.

2025-04-04 20:34:10 0 [ERROR] Do you already have another mysqld server running on port: 3306 ?
2025-04-04 20:34:10 0 [ERROR] Aborting
2025-04-04 20:35:28 0 [Note] Starting MariaDB 10.4.32-MariaDB source revision c4143f909528e3fab0677a28631d10389354c491 as process 26248
2025-04-04 20:35:28 0 [Note] InnoDB: Mutexes and rw_locks use Windows interlocked functions
2025-04-04 20:35:28 0 [Note] InnoDB: Uses event mutexes
2025-04-04 20:35:28 0 [Note] InnoDB: Compressed tables use zlib 1.3
2025-04-04 20:35:28 0 [Note] InnoDB: Number of pools: 1
2025-04-04 20:35:28 0 [Note] InnoDB: Using SSE2 crc32 instructions
2025-04-04 20:35:28 0 [Note] InnoDB: Initializing buffer pool, total size = 16M, instances = 1, chunk size = 16M
2025-04-04 20:35:28 0 [Note] InnoDB: Completed initialization of buffer pool
2025-04-04 20:35:28 0 [Note] InnoDB: 128 out of 128 rollback segments are active.
2025-04-04 20:35:28 0 [Note] InnoDB: Creating shared tablespace for temporary tables
2025-04-04 20:35:28 0 [Note] InnoDB: Setting file 'C:\Users\ishim\OneDrive\Desktop\XAMPP\mysql\data\ibtmp1' size to 12 MB. Physically writing the file full; Please wait ...
2025-04-04 20:35:28 0 [Note] InnoDB: File 'C:\Users\ishim\OneDrive\Desktop\XAMPP\mysql\data\ibtmp1' size is now 12 MB.
2025-04-04 20:35:28 0 [Note] InnoDB: Waiting for purge to start
2025-04-04 20:35:28 0 [Note] InnoDB: 10.4.32 started; log sequence number 307418; transaction id 201
2025-04-04 20:35:28 0 [Note] InnoDB: Loading buffer pool(s) from C:\Users\ishim\OneDrive\Desktop\XAMPP\mysql\data\ib_buffer_pool
2025-04-04 20:35:28 0 [Note] Plugin 'FEEDBACK' is disabled.
2025-04-04 20:35:28 0 [Note] InnoDB: Buffer pool(s) load completed at 250404 20:35:28
2025-04-04 20:35:28 0 [Note] Server socket created on IP: '::'.
2025-04-04 20:35:28 0 [ERROR] Can't start server: Bind on TCP/IP port. Got error: 10048: Only one usage of each socket address (protocol/network address/port) is normally permitted.

2025-04-04 20:35:29 0 [ERROR] Do you already have another mysqld server running on port: 3306 ?
2025-04-04 20:35:29 0 [ERROR] Aborting
2025-04-04 20:37:29 0 [Note] Starting MariaDB 10.4.32-MariaDB source revision c4143f909528e3fab0677a28631d10389354c491 as process 22948
2025-04-04 20:37:29 0 [Note] InnoDB: Mutexes and rw_locks use Windows interlocked functions
2025-04-04 20:37:29 0 [Note] InnoDB: Uses event mutexes
2025-04-04 20:37:29 0 [Note] InnoDB: Compressed tables use zlib 1.3
2025-04-04 20:37:29 0 [Note] InnoDB: Number of pools: 1
2025-04-04 20:37:29 0 [Note] InnoDB: Using SSE2 crc32 instructions
2025-04-04 20:37:29 0 [Note] InnoDB: Initializing buffer pool, total size = 16M, instances = 1, chunk size = 16M
2025-04-04 20:37:29 0 [Note] InnoDB: Completed initialization of buffer pool
2025-04-04 20:37:29 0 [Note] InnoDB: 128 out of 128 rollback segments are active.
2025-04-04 20:37:29 0 [Note] InnoDB: Creating shared tablespace for temporary tables
2025-04-04 20:37:29 0 [Note] InnoDB: Setting file 'C:\Users\ishim\OneDrive\Desktop\XAMPP\mysql\data\ibtmp1' size to 12 MB. Physically writing the file full; Please wait ...
2025-04-04 20:37:29 0 [Note] InnoDB: File 'C:\Users\ishim\OneDrive\Desktop\XAMPP\mysql\data\ibtmp1' size is now 12 MB.
2025-04-04 20:37:29 0 [Note] InnoDB: Waiting for purge to start
2025-04-04 20:37:29 0 [Note] InnoDB: 10.4.32 started; log sequence number 307427; transaction id 201
2025-04-04 20:37:29 0 [Note] InnoDB: Loading buffer pool(s) from C:\Users\ishim\OneDrive\Desktop\XAMPP\mysql\data\ib_buffer_pool
2025-04-04 20:37:29 0 [Note] Plugin 'FEEDBACK' is disabled.
2025-04-04 20:37:29 0 [Note] InnoDB: Buffer pool(s) load completed at 250404 20:37:29
2025-04-04 20:37:29 0 [Note] Server socket created on IP: '::'.
