[Tue Mar 25 21:14:21.580423 2025] [ssl:warn] [pid 26444:tid 496] AH01909: www.example.com:443:0 server certificate does NOT include an ID which matches the server name
[Tue Mar 25 21:14:21.729083 2025] [ssl:warn] [pid 26444:tid 496] AH01909: www.example.com:443:0 server certificate does NOT include an ID which matches the server name
[Tue Mar 25 21:14:23.182733 2025] [mpm_winnt:notice] [pid 26444:tid 496] AH00455: Apache/2.4.58 (Win64) OpenSSL/3.1.3 PHP/8.2.12 configured -- resuming normal operations
[Tue Mar 25 21:14:23.183733 2025] [mpm_winnt:notice] [pid 26444:tid 496] AH00456: Apache Lounge VS17 Server built: Oct 18 2023 13:03:18
[Tue Mar 25 21:14:23.183733 2025] [core:notice] [pid 26444:tid 496] AH00094: Command line: 'c:\\users\\ishim\\onedrive\\desktop\\xampp\\apache\\bin\\httpd.exe -d C:/Users/ishim/OneDrive/Desktop/XAMPP/apache'
[Tue Mar 25 21:14:23.206453 2025] [mpm_winnt:notice] [pid 26444:tid 496] AH00418: Parent: Created child process 20024
[Tue Mar 25 21:14:24.684402 2025] [ssl:warn] [pid 20024:tid 480] AH01909: www.example.com:443:0 server certificate does NOT include an ID which matches the server name
[Tue Mar 25 21:14:24.800413 2025] [ssl:warn] [pid 20024:tid 480] AH01909: www.example.com:443:0 server certificate does NOT include an ID which matches the server name
[Tue Mar 25 21:14:24.913623 2025] [mpm_winnt:notice] [pid 20024:tid 480] AH00354: Child: Starting 150 worker threads.
[Wed Mar 26 10:19:33.671882 2025] [ssl:warn] [pid 13800:tid 476] AH01909: www.example.com:443:0 server certificate does NOT include an ID which matches the server name
[Wed Mar 26 10:19:33.776167 2025] [core:warn] [pid 13800:tid 476] AH00098: pid file C:/Users/ishim/OneDrive/Desktop/XAMPP/apache/logs/httpd.pid overwritten -- Unclean shutdown of previous Apache run?
[Wed Mar 26 10:19:33.783717 2025] [ssl:warn] [pid 13800:tid 476] AH01909: www.example.com:443:0 server certificate does NOT include an ID which matches the server name
[Wed Mar 26 10:19:35.262575 2025] [mpm_winnt:notice] [pid 13800:tid 476] AH00455: Apache/2.4.58 (Win64) OpenSSL/3.1.3 PHP/8.2.12 configured -- resuming normal operations
[Wed Mar 26 10:19:35.262575 2025] [mpm_winnt:notice] [pid 13800:tid 476] AH00456: Apache Lounge VS17 Server built: Oct 18 2023 13:03:18
[Wed Mar 26 10:19:35.262575 2025] [core:notice] [pid 13800:tid 476] AH00094: Command line: 'c:\\users\\ishim\\onedrive\\desktop\\xampp\\apache\\bin\\httpd.exe -d C:/Users/ishim/OneDrive/Desktop/XAMPP/apache'
[Wed Mar 26 10:19:35.273006 2025] [mpm_winnt:notice] [pid 13800:tid 476] AH00418: Parent: Created child process 17068
[Wed Mar 26 10:19:35.942747 2025] [ssl:warn] [pid 17068:tid 448] AH01909: www.example.com:443:0 server certificate does NOT include an ID which matches the server name
[Wed Mar 26 10:19:36.031553 2025] [ssl:warn] [pid 17068:tid 448] AH01909: www.example.com:443:0 server certificate does NOT include an ID which matches the server name
[Wed Mar 26 10:19:36.111040 2025] [mpm_winnt:notice] [pid 17068:tid 448] AH00354: Child: Starting 150 worker threads.
[Wed Mar 26 10:36:42.957001 2025] [php:error] [pid 17068:tid 1908] [client 127.0.0.1:51794] script 'C:/Users/ishim/OneDrive/Desktop/XAMPP/htdocs/MedSecure-backend/chatbot.php' not found or unable to stat
[Wed Mar 26 10:37:23.353453 2025] [php:error] [pid 17068:tid 1908] [client 127.0.0.1:51805] script 'C:/Users/ishim/OneDrive/Desktop/XAMPP/htdocs/MedSecure-backend/Chatbot.php' not found or unable to stat
[Wed Mar 26 10:40:58.430420 2025] [ssl:warn] [pid 20476:tid 460] AH01909: www.example.com:443:0 server certificate does NOT include an ID which matches the server name
[Wed Mar 26 10:40:58.527833 2025] [core:warn] [pid 20476:tid 460] AH00098: pid file C:/Users/ishim/OneDrive/Desktop/XAMPP/apache/logs/httpd.pid overwritten -- Unclean shutdown of previous Apache run?
[Wed Mar 26 10:40:58.533196 2025] [ssl:warn] [pid 20476:tid 460] AH01909: www.example.com:443:0 server certificate does NOT include an ID which matches the server name
[Wed Mar 26 10:40:58.685060 2025] [mpm_winnt:notice] [pid 20476:tid 460] AH00455: Apache/2.4.58 (Win64) OpenSSL/3.1.3 PHP/8.2.12 configured -- resuming normal operations
[Wed Mar 26 10:40:58.685060 2025] [mpm_winnt:notice] [pid 20476:tid 460] AH00456: Apache Lounge VS17 Server built: Oct 18 2023 13:03:18
[Wed Mar 26 10:40:58.685060 2025] [core:notice] [pid 20476:tid 460] AH00094: Command line: 'c:\\users\\ishim\\onedrive\\desktop\\xampp\\apache\\bin\\httpd.exe -d C:/Users/ishim/OneDrive/Desktop/XAMPP/apache'
[Wed Mar 26 10:40:58.695897 2025] [mpm_winnt:notice] [pid 20476:tid 460] AH00418: Parent: Created child process 17324
[Wed Mar 26 10:40:59.472581 2025] [ssl:warn] [pid 17324:tid 444] AH01909: www.example.com:443:0 server certificate does NOT include an ID which matches the server name
[Wed Mar 26 10:40:59.554595 2025] [ssl:warn] [pid 17324:tid 444] AH01909: www.example.com:443:0 server certificate does NOT include an ID which matches the server name
[Wed Mar 26 10:40:59.635209 2025] [mpm_winnt:notice] [pid 17324:tid 444] AH00354: Child: Starting 150 worker threads.
[Wed Mar 26 10:43:49.016113 2025] [php:error] [pid 17324:tid 1928] [client 127.0.0.1:57889] script 'C:/Users/ishim/OneDrive/Desktop/XAMPP/htdocs/MedSecure-backend/Chatbot.php' not found or unable to stat
[Wed Mar 26 10:43:51.229280 2025] [php:error] [pid 17324:tid 1928] [client 127.0.0.1:57889] script 'C:/Users/ishim/OneDrive/Desktop/XAMPP/htdocs/MedSecure-backend/Chatbot.php' not found or unable to stat
[Fri Apr 04 20:33:57.506037 2025] [ssl:warn] [pid 5572:tid 444] AH01909: www.example.com:443:0 server certificate does NOT include an ID which matches the server name
[Fri Apr 04 20:33:57.654058 2025] [core:warn] [pid 5572:tid 444] AH00098: pid file C:/Users/ishim/OneDrive/Desktop/XAMPP/apache/logs/httpd.pid overwritten -- Unclean shutdown of previous Apache run?
[Fri Apr 04 20:33:57.664129 2025] [ssl:warn] [pid 5572:tid 444] AH01909: www.example.com:443:0 server certificate does NOT include an ID which matches the server name
[Fri Apr 04 20:33:58.987440 2025] [mpm_winnt:notice] [pid 5572:tid 444] AH00455: Apache/2.4.58 (Win64) OpenSSL/3.1.3 PHP/8.2.12 configured -- resuming normal operations
[Fri Apr 04 20:33:58.987440 2025] [mpm_winnt:notice] [pid 5572:tid 444] AH00456: Apache Lounge VS17 Server built: Oct 18 2023 13:03:18
[Fri Apr 04 20:33:58.987440 2025] [core:notice] [pid 5572:tid 444] AH00094: Command line: 'c:\\users\\ishim\\onedrive\\desktop\\xampp\\apache\\bin\\httpd.exe -d C:/Users/ishim/OneDrive/Desktop/XAMPP/apache'
[Fri Apr 04 20:33:59.001219 2025] [mpm_winnt:notice] [pid 5572:tid 444] AH00418: Parent: Created child process 21216
[Fri Apr 04 20:34:00.424302 2025] [ssl:warn] [pid 21216:tid 440] AH01909: www.example.com:443:0 server certificate does NOT include an ID which matches the server name
[Fri Apr 04 20:34:00.630434 2025] [ssl:warn] [pid 21216:tid 440] AH01909: www.example.com:443:0 server certificate does NOT include an ID which matches the server name
[Fri Apr 04 20:34:00.879284 2025] [mpm_winnt:notice] [pid 21216:tid 440] AH00354: Child: Starting 150 worker threads.
